{
  "stats": {
    "suites": 0,
    "tests": 1,
    "passes": 0,
    "pending": 0,
    "failures": 1,
    "start": "2026-06-23T10:22:56.346Z",
    "end": "2026-06-23T10:22:56.719Z",
    "duration": 373,
    "testsRegistered": 1,
    "passPercent": 0,
    "pendingPercent": 0,
    "other": 0,
    "hasOther": false,
    "skipped": 0,
    "hasSkipped": false
  },
  "results": [
    {
      "uuid": "b94dec57-3456-489e-93e0-430ac84b8bc3",
      "title": "",
      "fullFile": "cypress\\e2e\\features\\secureBankE2E.feature",
      "file": "cypress\\e2e\\features\\secureBankE2E.feature",
      "beforeHooks": [],
      "afterHooks": [],
      "tests": [
        {
          "title": "An uncaught error was detected outside of a test",
          "fullTitle": "An uncaught error was detected outside of a test",
          "timedOut": null,
          "duration": 305,
          "state": "failed",
          "speed": null,
          "pass": false,
          "fail": true,
          "pending": false,
          "context": null,
          "code": "throw err;",
          "err": {
            "message": "TypeError: The following error originated from your test code, not from Cypress.\n\n  > (0 , import_cypress_cucumber_preprocessor.BeforeEach) is not a function\n\nWhen Cypress detects uncaught errors originating from your test code it will automatically fail the current test.\n\nCypress could not associate this error to any specific test.\n\nWe dynamically generated a new test to display this failure.",
            "estack": "TypeError: The following error originated from your test code, not from Cypress.\n\n  > (0 , import_cypress_cucumber_preprocessor.BeforeEach) is not a function\n\nWhen Cypress detects uncaught errors originating from your test code it will automatically fail the current test.\n\nCypress could not associate this error to any specific test.\n\nWe dynamically generated a new test to display this failure.\n    at cypress/support/step_definitions/hooks.js (https://qaplayground.com/__cypress/tests?p=cypress\\e2e\\features\\secureBankE2E.feature:17140:59)\n    at __require (https://qaplayground.com/__cypress/tests?p=cypress\\e2e\\features\\secureBankE2E.feature:18:54)\n    at eval (https://qaplayground.com/__cypress/tests?p=cypress\\e2e\\features\\secureBankE2E.feature:17196:3)\n    at eval (https://qaplayground.com/__cypress/tests?p=cypress\\e2e\\features\\secureBankE2E.feature:17201:3)\n    at eval (<anonymous>)\n    at <unknown> (https://qaplayground.com/__cypress/runner/cypress_runner.js:114219:23)\n    at tryCatcher (https://qaplayground.com/__cypress/runner/cypress_runner.js:1777:23)\n    at Object.gotValue (https://qaplayground.com/__cypress/runner/cypress_runner.js:6446:18)\n    at Object.gotAccum (https://qaplayground.com/__cypress/runner/cypress_runner.js:6435:25)\n    at Object.tryCatcher (https://qaplayground.com/__cypress/runner/cypress_runner.js:1777:23)",
            "diff": null
          },
          "uuid": "722d4210-59ef-41b4-931d-6c43c388962b",
          "parentUUID": "b94dec57-3456-489e-93e0-430ac84b8bc3",
          "isHook": false,
          "skipped": false
        }
      ],
      "suites": [],
      "passes": [],
      "failures": [
        "722d4210-59ef-41b4-931d-6c43c388962b"
      ],
      "pending": [],
      "skipped": [],
      "duration": 305,
      "root": true,
      "rootEmpty": false,
      "_timeout": 2000
    }
  ],
  "meta": {
    "mocha": {
      "version": "7.2.0"
    },
    "mochawesome": {
      "options": {
        "quiet": false,
        "reportFilename": "mochawesome",
        "saveHtml": true,
        "saveJson": true,
        "consoleReporter": "spec",
        "useInlineDiffs": false,
        "code": true
      },
      "version": "7.1.4"
    },
    "marge": {
      "options": {
        "reportDir": "mochawesome-report",
        "overwrite": false,
        "html": true,
        "json": true
      },
      "version": "6.3.2"
    }
  }
}